<?xml version="1.0" encoding="UTF-8"?>
<testsuites name="Amaon_Langugue_change_001" time="65.859" tests="1" failures="1" errors="0">
   <testsuite name="Amaon_Langugue_change_001" tests="1" failures="1" errors="0" time="65.859" skipped="0" timestamp="20-01-2024T19:58:11" hostname="Hello - RAVI" id="Test Suites/Amaon_Langugue_change_001/Amaon_Langugue_change_001">
      <properties>
         <property name="deviceName" value=""/>
         <property name="devicePlatform" value=""/>
         <property name="logFolder" value="C:\\Users\\Hello\\git\\Test_Automation_Amazon_Github\\Reports\\20240120_195807\\Amaon_Langugue_change_001\\Amaon_Langugue_change_001\\20240120_195807"/>
         <property name="logFiles" value="C:\\Users\\Hello\\git\\Test_Automation_Amazon_Github\\Reports\\20240120_195807\\Amaon_Langugue_change_001\\Amaon_Langugue_change_001\\20240120_195807\\execution0.log"/>
         <property name="attachments" value="C:\\Users\\Hello\\git\\Test_Automation_Amazon_Github\\Reports\\20240120_195807\\Amaon_Langugue_change_001\\Amaon_Langugue_change_001\\20240120_195807\\1705760957631.png"/>
         <property name="hostName" value="Hello - RAVI"/>
         <property name="os" value="Windows 11 64bit"/>
         <property name="katalonVersion" value="9.2.0.212"/>
         <property name="browser" value="Chrome 120.0.0.0"/>
         <property name="hostAddress" value="192.168.0.150"/>
         <property name="sessionId" value="0a2afbebb7da335c381113371c9742bd"/>
         <property name="seleniumVersion" value="3.141.59"/>
         <property name="proxyInformation" value="ProxyInformation { proxyOption=NO_PROXY, proxyServerType=HTTP, username=, password=********, proxyServerAddress=, proxyServerPort=0, executionList=&quot;&quot;, isApplyToDesiredCapabilities=true }"/>
         <property name="platform" value="Windows 11"/>
      </properties>
      <testcase name="Test Cases/Amaon_Langugue_change_001/Amaon_Langugue_change_001" time="65.679" classname="Test Cases/Amaon_Langugue_change_001/Amaon_Langugue_change_001" status="FAILED">
         <failure type="FAILED" message="Test Cases/Amaon_Langugue_change_001/Amaon_Langugue_change_001 FAILED.&#xa;Reason:&#xa;com.kms.katalon.core.exception.StepFailedException: Unable to click on object 'Object Repository/Amaon_Langugue_change_001/Page_/input_a-button-input'&#xa;	at com.kms.katalon.core.webui.keyword.internal.WebUIKeywordMain.stepFailed(WebUIKeywordMain.groovy:64)&#xa;	at com.kms.katalon.core.webui.keyword.internal.WebUIKeywordMain.runKeyword(WebUIKeywordMain.groovy:26)&#xa;	at com.kms.katalon.core.webui.keyword.builtin.ClickKeyword.click(ClickKeyword.groovy:74)&#xa;	at com.kms.katalon.core.webui.keyword.builtin.ClickKeyword.execute(ClickKeyword.groovy:40)&#xa;	at com.kms.katalon.core.keyword.internal.KeywordExecutor.executeKeywordForPlatform(KeywordExecutor.groovy:74)&#xa;	at com.kms.katalon.core.webui.keyword.WebUiBuiltInKeywords.click(WebUiBuiltInKeywords.groovy:659)&#xa;	at Amaon_Langugue_change_001.run(Amaon_Langugue_change_001:61)&#xa;	at com.kms.katalon.core.main.ScriptEngine.run(ScriptEngine.java:194)&#xa;	at com.kms.katalon.core.main.ScriptEngine.runScriptAsRawText(ScriptEngine.java:119)&#xa;	at com.kms.katalon.core.main.TestCaseExecutor.runScript(TestCaseExecutor.java:448)&#xa;	at com.kms.katalon.core.main.TestCaseExecutor.doExecute(TestCaseExecutor.java:439)&#xa;	at com.kms.katalon.core.main.TestCaseExecutor.processExecutionPhase(TestCaseExecutor.java:418)&#xa;	at com.kms.katalon.core.main.TestCaseExecutor.accessMainPhase(TestCaseExecutor.java:410)&#xa;	at com.kms.katalon.core.main.TestCaseExecutor.execute(TestCaseExecutor.java:285)&#xa;	at com.kms.katalon.core.common.CommonExecutor.accessTestCaseMainPhase(CommonExecutor.java:65)&#xa;	at com.kms.katalon.core.main.TestSuiteExecutor.accessTestSuiteMainPhase(TestSuiteExecutor.java:148)&#xa;	at com.kms.katalon.core.main.TestSuiteExecutor.execute(TestSuiteExecutor.java:106)&#xa;	at com.kms.katalon.core.main.TestCaseMain.startTestSuite(TestCaseMain.java:180)&#xa;	at TempTestSuite1705760887977.run(TempTestSuite1705760887977.groovy:36)&#xa;	at java.base/jdk.internal.reflect.NativeMethodAccessorImpl.invoke0(Native Method)&#xa;	at java.base/jdk.internal.reflect.NativeMethodAccessorImpl.invoke(NativeMethodAccessorImpl.java:77)&#xa;	at java.base/jdk.internal.reflect.DelegatingMethodAccessorImpl.invoke(DelegatingMethodAccessorImpl.java:43)&#xa;Caused by: com.kms.katalon.core.webui.exception.WebElementNotFoundException: Web element with id: 'Object Repository/Amaon_Langugue_change_001/Page_/input_a-button-input' located by '(//input[@type='submit'])[3]' not found&#xa;	at com.kms.katalon.core.webui.common.WebUiCommonHelper.findWebElement(WebUiCommonHelper.java:1379)&#xa;	at com.kms.katalon.core.webui.keyword.internal.WebUIAbstractKeyword.findWebElement(WebUIAbstractKeyword.groovy:27)&#xa;	at com.kms.katalon.core.webui.keyword.builtin.ClickKeyword$_click_closure1.doCall(ClickKeyword.groovy:65)&#xa;	at com.kms.katalon.core.webui.keyword.builtin.ClickKeyword$_click_closure1.call(ClickKeyword.groovy)&#xa;	at com.kms.katalon.core.webui.keyword.internal.WebUIKeywordMain.runKeyword(WebUIKeywordMain.groovy:20)&#xa;	... 20 more&#xa;"/>
         <system-out><![CDATA[20-01-2024T19:58:12 - [TEST_CASE][FAILED] - Test Cases/Amaon_Langugue_change_001/Amaon_Langugue_change_001: Test Cases/Amaon_Langugue_change_001/Amaon_Langugue_change_001 FAILED.
Reason:
com.kms.katalon.core.exception.StepFailedException: Unable to click on object 'Object Repository/Amaon_Langugue_change_001/Page_/input_a-button-input'
	at com.kms.katalon.core.webui.keyword.internal.WebUIKeywordMain.stepFailed(WebUIKeywordMain.groovy:64)
	at com.kms.katalon.core.webui.keyword.internal.WebUIKeywordMain.runKeyword(WebUIKeywordMain.groovy:26)
	at com.kms.katalon.core.webui.keyword.builtin.ClickKeyword.click(ClickKeyword.groovy:74)
	at com.kms.katalon.core.webui.keyword.builtin.ClickKeyword.execute(ClickKeyword.groovy:40)
	at com.kms.katalon.core.keyword.internal.KeywordExecutor.executeKeywordForPlatform(KeywordExecutor.groovy:74)
	at com.kms.katalon.core.webui.keyword.WebUiBuiltInKeywords.click(WebUiBuiltInKeywords.groovy:659)
	at Amaon_Langugue_change_001.run(Amaon_Langugue_change_001:61)
	at com.kms.katalon.core.main.ScriptEngine.run(ScriptEngine.java:194)
	at com.kms.katalon.core.main.ScriptEngine.runScriptAsRawText(ScriptEngine.java:119)
	at com.kms.katalon.core.main.TestCaseExecutor.runScript(TestCaseExecutor.java:448)
	at com.kms.katalon.core.main.TestCaseExecutor.doExecute(TestCaseExecutor.java:439)
	at com.kms.katalon.core.main.TestCaseExecutor.processExecutionPhase(TestCaseExecutor.java:418)
	at com.kms.katalon.core.main.TestCaseExecutor.accessMainPhase(TestCaseExecutor.java:410)
	at com.kms.katalon.core.main.TestCaseExecutor.execute(TestCaseExecutor.java:285)
	at com.kms.katalon.core.common.CommonExecutor.accessTestCaseMainPhase(CommonExecutor.java:65)
	at com.kms.katalon.core.main.TestSuiteExecutor.accessTestSuiteMainPhase(TestSuiteExecutor.java:148)
	at com.kms.katalon.core.main.TestSuiteExecutor.execute(TestSuiteExecutor.java:106)
	at com.kms.katalon.core.main.TestCaseMain.startTestSuite(TestCaseMain.java:180)
	at TempTestSuite1705760887977.run(TempTestSuite1705760887977.groovy:36)
	at java.base/jdk.internal.reflect.NativeMethodAccessorImpl.invoke0(Native Method)
	at java.base/jdk.internal.reflect.NativeMethodAccessorImpl.invoke(NativeMethodAccessorImpl.java:77)
	at java.base/jdk.internal.reflect.DelegatingMethodAccessorImpl.invoke(DelegatingMethodAccessorImpl.java:43)
Caused by: com.kms.katalon.core.webui.exception.WebElementNotFoundException: Web element with id: 'Object Repository/Amaon_Langugue_change_001/Page_/input_a-button-input' located by '(//input[@type='submit'])[3]' not found
	at com.kms.katalon.core.webui.common.WebUiCommonHelper.findWebElement(WebUiCommonHelper.java:1379)
	at com.kms.katalon.core.webui.keyword.internal.WebUIAbstractKeyword.findWebElement(WebUIAbstractKeyword.groovy:27)
	at com.kms.katalon.core.webui.keyword.builtin.ClickKeyword$_click_closure1.doCall(ClickKeyword.groovy:65)
	at com.kms.katalon.core.webui.keyword.builtin.ClickKeyword$_click_closure1.call(ClickKeyword.groovy)
	at com.kms.katalon.core.webui.keyword.internal.WebUIKeywordMain.runKeyword(WebUIKeywordMain.groovy:20)
	... 20 more


20-01-2024T19:58:12 - [TEST_STEP][PASSED] - openBrowser(""): Browser is opened with url: ''

20-01-2024T19:58:12 - [MESSAGE][INFO] - Starting 'Chrome' driver

20-01-2024T19:58:13 - [MESSAGE][INFO] - Action delay is set to 0 milliseconds

20-01-2024T19:58:14 - [MESSAGE][PASSED] - Browser is opened with url: ''

20-01-2024T19:58:14 - [TEST_STEP][PASSED] - navigateToUrl("https://www.amazon.in/"): Navigate to 'https://www.amazon.in/' successfully

20-01-2024T19:58:21 - [MESSAGE][PASSED] - Navigate to 'https://www.amazon.in/' successfully

20-01-2024T19:58:21 - [TEST_STEP][PASSED] - click(findTestObject("Object Repository/Amaon_Langugue_change_001/Page_Online Shopping site in India Shop Onl_10c5f3/span_Hello, sign in")): Object: 'Object Repository/Amaon_Langugue_change_001/Page_Online Shopping site in India Shop Onl_10c5f3/span_Hello, sign in' is clicked on

20-01-2024T19:58:23 - [MESSAGE][PASSED] - Object: 'Object Repository/Amaon_Langugue_change_001/Page_Online Shopping site in India Shop Onl_10c5f3/span_Hello, sign in' is clicked on

20-01-2024T19:58:23 - [TEST_STEP][PASSED] - setText(findTestObject("Object Repository/Amaon_Langugue_change_001/Page_Amazon Sign In/input_email"), "9014256112"): Text '9014256112' is set on object 'Object Repository/Amaon_Langugue_change_001/Page_Amazon Sign In/input_email'

20-01-2024T19:58:25 - [MESSAGE][PASSED] - Text '9014256112' is set on object 'Object Repository/Amaon_Langugue_change_001/Page_Amazon Sign In/input_email'

20-01-2024T19:58:25 - [TEST_STEP][PASSED] - click(findTestObject("Object Repository/Amaon_Langugue_change_001/Page_Amazon Sign In/inputcontinue")): Object: 'Object Repository/Amaon_Langugue_change_001/Page_Amazon Sign In/inputcontinue' is clicked on

20-01-2024T19:58:27 - [MESSAGE][PASSED] - Object: 'Object Repository/Amaon_Langugue_change_001/Page_Amazon Sign In/inputcontinue' is clicked on

20-01-2024T19:58:27 - [TEST_STEP][PASSED] - setEncryptedText(findTestObject("Object Repository/Amaon_Langugue_change_001/Page_Amazon Sign In/input_password"), "1Jx5G2o+w9Dv6alJbP1y5w=="): Text ****** has been set on object 'Object Repository/Amaon_Langugue_change_001/Page_Amazon Sign In/input_password'

20-01-2024T19:58:28 - [MESSAGE][PASSED] - Text ****** has been set on object 'Object Repository/Amaon_Langugue_change_001/Page_Amazon Sign In/input_password'

20-01-2024T19:58:28 - [TEST_STEP][PASSED] - click(findTestObject("Object Repository/Amaon_Langugue_change_001/Page_Amazon Sign In/inputsignInSubmit")): Object: 'Object Repository/Amaon_Langugue_change_001/Page_Amazon Sign In/inputsignInSubmit' is clicked on

20-01-2024T19:58:29 - [MESSAGE][PASSED] - Object: 'Object Repository/Amaon_Langugue_change_001/Page_Amazon Sign In/inputsignInSubmit' is clicked on

20-01-2024T19:58:29 - [TEST_STEP][PASSED] - click(findTestObject("Object Repository/Amaon_Langugue_change_001/Page_Online Shopping site in India Shop Onl_10c5f3/span_nav-icon nav-arrow")): Object: 'Object Repository/Amaon_Langugue_change_001/Page_Online Shopping site in India Shop Onl_10c5f3/span_nav-icon nav-arrow' is clicked on

20-01-2024T19:58:33 - [MESSAGE][PASSED] - Object: 'Object Repository/Amaon_Langugue_change_001/Page_Online Shopping site in India Shop Onl_10c5f3/span_nav-icon nav-arrow' is clicked on

20-01-2024T19:58:33 - [TEST_STEP][PASSED] - click(findTestObject("Object Repository/Amaon_Langugue_change_001/Page_Change Language Settings/i_a-icon a-icon-radio")): Object: 'Object Repository/Amaon_Langugue_change_001/Page_Change Language Settings/i_a-icon a-icon-radio' is clicked on

20-01-2024T19:58:36 - [MESSAGE][PASSED] - Object: 'Object Repository/Amaon_Langugue_change_001/Page_Change Language Settings/i_a-icon a-icon-radio' is clicked on

20-01-2024T19:58:36 - [TEST_STEP][PASSED] - click(findTestObject("Object Repository/Amaon_Langugue_change_001/Page_Change Language Settings/i_a-icon a-icon-radio")): Object: 'Object Repository/Amaon_Langugue_change_001/Page_Change Language Settings/i_a-icon a-icon-radio' is clicked on

20-01-2024T19:58:37 - [MESSAGE][PASSED] - Object: 'Object Repository/Amaon_Langugue_change_001/Page_Change Language Settings/i_a-icon a-icon-radio' is clicked on

20-01-2024T19:58:37 - [TEST_STEP][PASSED] - click(findTestObject("Object Repository/Amaon_Langugue_change_001/Page_Change Language Settings/i_a-icon a-icon-radio")): Object: 'Object Repository/Amaon_Langugue_change_001/Page_Change Language Settings/i_a-icon a-icon-radio' is clicked on

20-01-2024T19:58:38 - [MESSAGE][PASSED] - Object: 'Object Repository/Amaon_Langugue_change_001/Page_Change Language Settings/i_a-icon a-icon-radio' is clicked on

20-01-2024T19:58:38 - [TEST_STEP][PASSED] - click(findTestObject("Object Repository/Amaon_Langugue_change_001/Page_Change Language Settings/i_a-icon a-icon-radio")): Object: 'Object Repository/Amaon_Langugue_change_001/Page_Change Language Settings/i_a-icon a-icon-radio' is clicked on

20-01-2024T19:58:38 - [MESSAGE][PASSED] - Object: 'Object Repository/Amaon_Langugue_change_001/Page_Change Language Settings/i_a-icon a-icon-radio' is clicked on

20-01-2024T19:58:38 - [TEST_STEP][PASSED] - click(findTestObject("Object Repository/Amaon_Langugue_change_001/Page_Change Language Settings/i_a-icon a-icon-radio")): Object: 'Object Repository/Amaon_Langugue_change_001/Page_Change Language Settings/i_a-icon a-icon-radio' is clicked on

20-01-2024T19:58:39 - [MESSAGE][PASSED] - Object: 'Object Repository/Amaon_Langugue_change_001/Page_Change Language Settings/i_a-icon a-icon-radio' is clicked on

20-01-2024T19:58:39 - [TEST_STEP][PASSED] - click(findTestObject("Object Repository/Amaon_Langugue_change_001/Page_Change Language Settings/i_a-icon a-icon-radio")): Object: 'Object Repository/Amaon_Langugue_change_001/Page_Change Language Settings/i_a-icon a-icon-radio' is clicked on

20-01-2024T19:58:39 - [MESSAGE][PASSED] - Object: 'Object Repository/Amaon_Langugue_change_001/Page_Change Language Settings/i_a-icon a-icon-radio' is clicked on

20-01-2024T19:58:39 - [TEST_STEP][PASSED] - click(findTestObject("Object Repository/Amaon_Langugue_change_001/Page_Change Language Settings/i_a-icon a-icon-radio")): Object: 'Object Repository/Amaon_Langugue_change_001/Page_Change Language Settings/i_a-icon a-icon-radio' is clicked on

20-01-2024T19:58:39 - [MESSAGE][PASSED] - Object: 'Object Repository/Amaon_Langugue_change_001/Page_Change Language Settings/i_a-icon a-icon-radio' is clicked on

20-01-2024T19:58:39 - [TEST_STEP][PASSED] - click(findTestObject("Object Repository/Amaon_Langugue_change_001/Page_Change Language Settings/i_a-icon a-icon-radio")): Object: 'Object Repository/Amaon_Langugue_change_001/Page_Change Language Settings/i_a-icon a-icon-radio' is clicked on

20-01-2024T19:58:40 - [MESSAGE][PASSED] - Object: 'Object Repository/Amaon_Langugue_change_001/Page_Change Language Settings/i_a-icon a-icon-radio' is clicked on

20-01-2024T19:58:40 - [TEST_STEP][PASSED] - click(findTestObject("Object Repository/Amaon_Langugue_change_001/Page_Change Language Settings/i_a-icon a-icon-radio")): Object: 'Object Repository/Amaon_Langugue_change_001/Page_Change Language Settings/i_a-icon a-icon-radio' is clicked on

20-01-2024T19:58:40 - [MESSAGE][PASSED] - Object: 'Object Repository/Amaon_Langugue_change_001/Page_Change Language Settings/i_a-icon a-icon-radio' is clicked on

20-01-2024T19:58:40 - [TEST_STEP][PASSED] - click(findTestObject("Object Repository/Amaon_Langugue_change_001/Page_Change Language Settings/input_a-button-input")): Object: 'Object Repository/Amaon_Langugue_change_001/Page_Change Language Settings/input_a-button-input' is clicked on

20-01-2024T19:58:41 - [MESSAGE][PASSED] - Object: 'Object Repository/Amaon_Langugue_change_001/Page_Change Language Settings/input_a-button-input' is clicked on

20-01-2024T19:58:41 - [TEST_STEP][PASSED] - click(findTestObject("Object Repository/Amaon_Langugue_change_001/Page_, , ,    - Amazon.in/span_nav-icon nav-arrow")): Object: 'Object Repository/Amaon_Langugue_change_001/Page_, , ,    - Amazon.in/span_nav-icon nav-arrow' is clicked on

20-01-2024T19:58:44 - [MESSAGE][PASSED] - Object: 'Object Repository/Amaon_Langugue_change_001/Page_, , ,    - Amazon.in/span_nav-icon nav-arrow' is clicked on

20-01-2024T19:58:44 - [TEST_STEP][PASSED] - click(findTestObject("Object Repository/Amaon_Langugue_change_001/Page_/i_a-icon a-icon-radio")): Object: 'Object Repository/Amaon_Langugue_change_001/Page_/i_a-icon a-icon-radio' is clicked on

20-01-2024T19:58:46 - [MESSAGE][PASSED] - Object: 'Object Repository/Amaon_Langugue_change_001/Page_/i_a-icon a-icon-radio' is clicked on

20-01-2024T19:58:46 - [TEST_STEP][FAILED] - click(findTestObject("Object Repository/Amaon_Langugue_change_001/Page_/input_a-button-input")): Unable to click on object 'Object Repository/Amaon_Langugue_change_001/Page_/input_a-button-input' (Root cause: com.kms.katalon.core.exception.StepFailedException: Unable to click on object 'Object Repository/Amaon_Langugue_change_001/Page_/input_a-button-input'
	at com.kms.katalon.core.webui.keyword.internal.WebUIKeywordMain.stepFailed(WebUIKeywordMain.groovy:64)
	at com.kms.katalon.core.webui.keyword.internal.WebUIKeywordMain.runKeyword(WebUIKeywordMain.groovy:26)
	at com.kms.katalon.core.webui.keyword.builtin.ClickKeyword.click(ClickKeyword.groovy:74)
	at com.kms.katalon.core.webui.keyword.builtin.ClickKeyword.execute(ClickKeyword.groovy:40)
	at com.kms.katalon.core.keyword.internal.KeywordExecutor.executeKeywordForPlatform(KeywordExecutor.groovy:74)
	at com.kms.katalon.core.webui.keyword.WebUiBuiltInKeywords.click(WebUiBuiltInKeywords.groovy:659)
	at Amaon_Langugue_change_001.run(Amaon_Langugue_change_001:61)
	at com.kms.katalon.core.main.ScriptEngine.run(ScriptEngine.java:194)
	at com.kms.katalon.core.main.ScriptEngine.runScriptAsRawText(ScriptEngine.java:119)
	at com.kms.katalon.core.main.TestCaseExecutor.runScript(TestCaseExecutor.java:448)
	at com.kms.katalon.core.main.TestCaseExecutor.doExecute(TestCaseExecutor.java:439)
	at com.kms.katalon.core.main.TestCaseExecutor.processExecutionPhase(TestCaseExecutor.java:418)
	at com.kms.katalon.core.main.TestCaseExecutor.accessMainPhase(TestCaseExecutor.java:410)
	at com.kms.katalon.core.main.TestCaseExecutor.execute(TestCaseExecutor.java:285)
	at com.kms.katalon.core.common.CommonExecutor.accessTestCaseMainPhase(CommonExecutor.java:65)
	at com.kms.katalon.core.main.TestSuiteExecutor.accessTestSuiteMainPhase(TestSuiteExecutor.java:148)
	at com.kms.katalon.core.main.TestSuiteExecutor.execute(TestSuiteExecutor.java:106)
	at com.kms.katalon.core.main.TestCaseMain.startTestSuite(TestCaseMain.java:180)
	at TempTestSuite1705760887977.run(TempTestSuite1705760887977.groovy:36)
	at java.base/jdk.internal.reflect.NativeMethodAccessorImpl.invoke0(Native Method)
	at java.base/jdk.internal.reflect.NativeMethodAccessorImpl.invoke(NativeMethodAccessorImpl.java:77)
	at java.base/jdk.internal.reflect.DelegatingMethodAccessorImpl.invoke(DelegatingMethodAccessorImpl.java:43)
Caused by: com.kms.katalon.core.webui.exception.WebElementNotFoundException: Web element with id: 'Object Repository/Amaon_Langugue_change_001/Page_/input_a-button-input' located by '(//input[@type='submit'])[3]' not found
	at com.kms.katalon.core.webui.common.WebUiCommonHelper.findWebElement(WebUiCommonHelper.java:1379)
	at com.kms.katalon.core.webui.keyword.internal.WebUIAbstractKeyword.findWebElement(WebUIAbstractKeyword.groovy:27)
	at com.kms.katalon.core.webui.keyword.builtin.ClickKeyword$_click_closure1.doCall(ClickKeyword.groovy:65)
	at com.kms.katalon.core.webui.keyword.builtin.ClickKeyword$_click_closure1.call(ClickKeyword.groovy)
	at com.kms.katalon.core.webui.keyword.internal.WebUIKeywordMain.runKeyword(WebUIKeywordMain.groovy:20)
	at com.kms.katalon.core.webui.keyword.builtin.ClickKeyword.click(ClickKeyword.groovy:74)
	at com.kms.katalon.core.webui.keyword.builtin.ClickKeyword.execute(ClickKeyword.groovy:40)
	at com.kms.katalon.core.keyword.internal.KeywordExecutor.executeKeywordForPlatform(KeywordExecutor.groovy:74)
	at com.kms.katalon.core.webui.keyword.WebUiBuiltInKeywords.click(WebUiBuiltInKeywords.groovy:659)
	at Script1705759723572.run(Script1705759723572.groovy:61)
	... 15 more
)

20-01-2024T19:59:17 - [MESSAGE][INFO] - Unable to find the element located by 'By.xpath: (//input[@type='submit'])[3]'. Please recheck the objects properties to make sure the desired element is located. 

20-01-2024T19:59:17 - [MESSAGE][FAILED] - Unable to click on object 'Object Repository/Amaon_Langugue_change_001/Page_/input_a-button-input' (Root cause: com.kms.katalon.core.exception.StepFailedException: Unable to click on object 'Object Repository/Amaon_Langugue_change_001/Page_/input_a-button-input'
	at com.kms.katalon.core.webui.keyword.internal.WebUIKeywordMain.stepFailed(WebUIKeywordMain.groovy:64)
	at com.kms.katalon.core.webui.keyword.internal.WebUIKeywordMain.runKeyword(WebUIKeywordMain.groovy:26)
	at com.kms.katalon.core.webui.keyword.builtin.ClickKeyword.click(ClickKeyword.groovy:74)
	at com.kms.katalon.core.webui.keyword.builtin.ClickKeyword.execute(ClickKeyword.groovy:40)
	at com.kms.katalon.core.keyword.internal.KeywordExecutor.executeKeywordForPlatform(KeywordExecutor.groovy:74)
	at com.kms.katalon.core.webui.keyword.WebUiBuiltInKeywords.click(WebUiBuiltInKeywords.groovy:659)
	at Amaon_Langugue_change_001.run(Amaon_Langugue_change_001:61)
	at com.kms.katalon.core.main.ScriptEngine.run(ScriptEngine.java:194)
	at com.kms.katalon.core.main.ScriptEngine.runScriptAsRawText(ScriptEngine.java:119)
	at com.kms.katalon.core.main.TestCaseExecutor.runScript(TestCaseExecutor.java:448)
	at com.kms.katalon.core.main.TestCaseExecutor.doExecute(TestCaseExecutor.java:439)
	at com.kms.katalon.core.main.TestCaseExecutor.processExecutionPhase(TestCaseExecutor.java:418)
	at com.kms.katalon.core.main.TestCaseExecutor.accessMainPhase(TestCaseExecutor.java:410)
	at com.kms.katalon.core.main.TestCaseExecutor.execute(TestCaseExecutor.java:285)
	at com.kms.katalon.core.common.CommonExecutor.accessTestCaseMainPhase(CommonExecutor.java:65)
	at com.kms.katalon.core.main.TestSuiteExecutor.accessTestSuiteMainPhase(TestSuiteExecutor.java:148)
	at com.kms.katalon.core.main.TestSuiteExecutor.execute(TestSuiteExecutor.java:106)
	at com.kms.katalon.core.main.TestCaseMain.startTestSuite(TestCaseMain.java:180)
	at TempTestSuite1705760887977.run(TempTestSuite1705760887977.groovy:36)
	at java.base/jdk.internal.reflect.NativeMethodAccessorImpl.invoke0(Native Method)
	at java.base/jdk.internal.reflect.NativeMethodAccessorImpl.invoke(NativeMethodAccessorImpl.java:77)
	at java.base/jdk.internal.reflect.DelegatingMethodAccessorImpl.invoke(DelegatingMethodAccessorImpl.java:43)
Caused by: com.kms.katalon.core.webui.exception.WebElementNotFoundException: Web element with id: 'Object Repository/Amaon_Langugue_change_001/Page_/input_a-button-input' located by '(//input[@type='submit'])[3]' not found
	at com.kms.katalon.core.webui.common.WebUiCommonHelper.findWebElement(WebUiCommonHelper.java:1379)
	at com.kms.katalon.core.webui.keyword.internal.WebUIAbstractKeyword.findWebElement(WebUIAbstractKeyword.groovy:27)
	at com.kms.katalon.core.webui.keyword.builtin.ClickKeyword$_click_closure1.doCall(ClickKeyword.groovy:65)
	at com.kms.katalon.core.webui.keyword.builtin.ClickKeyword$_click_closure1.call(ClickKeyword.groovy)
	at com.kms.katalon.core.webui.keyword.internal.WebUIKeywordMain.runKeyword(WebUIKeywordMain.groovy:20)
	at com.kms.katalon.core.webui.keyword.builtin.ClickKeyword.click(ClickKeyword.groovy:74)
	at com.kms.katalon.core.webui.keyword.builtin.ClickKeyword.execute(ClickKeyword.groovy:40)
	at com.kms.katalon.core.keyword.internal.KeywordExecutor.executeKeywordForPlatform(KeywordExecutor.groovy:74)
	at com.kms.katalon.core.webui.keyword.WebUiBuiltInKeywords.click(WebUiBuiltInKeywords.groovy:659)
	at Script1705759723572.run(Script1705759723572.groovy:61)
	... 15 more
)
[[ATTACHMENT|C:\\Users\\Hello\\git\\Test_Automation_Amazon_Github\\Reports\\20240120_195807\\Amaon_Langugue_change_001\\Amaon_Langugue_change_001\\20240120_195807\\1705760957631.png]]]]></system-out>
         <system-err><![CDATA[20-01-2024T19:58:12 - [TEST_CASE][FAILED] - Test Cases/Amaon_Langugue_change_001/Amaon_Langugue_change_001: Test Cases/Amaon_Langugue_change_001/Amaon_Langugue_change_001 FAILED.
Reason:
com.kms.katalon.core.exception.StepFailedException: Unable to click on object 'Object Repository/Amaon_Langugue_change_001/Page_/input_a-button-input'
	at com.kms.katalon.core.webui.keyword.internal.WebUIKeywordMain.stepFailed(WebUIKeywordMain.groovy:64)
	at com.kms.katalon.core.webui.keyword.internal.WebUIKeywordMain.runKeyword(WebUIKeywordMain.groovy:26)
	at com.kms.katalon.core.webui.keyword.builtin.ClickKeyword.click(ClickKeyword.groovy:74)
	at com.kms.katalon.core.webui.keyword.builtin.ClickKeyword.execute(ClickKeyword.groovy:40)
	at com.kms.katalon.core.keyword.internal.KeywordExecutor.executeKeywordForPlatform(KeywordExecutor.groovy:74)
	at com.kms.katalon.core.webui.keyword.WebUiBuiltInKeywords.click(WebUiBuiltInKeywords.groovy:659)
	at Amaon_Langugue_change_001.run(Amaon_Langugue_change_001:61)
	at com.kms.katalon.core.main.ScriptEngine.run(ScriptEngine.java:194)
	at com.kms.katalon.core.main.ScriptEngine.runScriptAsRawText(ScriptEngine.java:119)
	at com.kms.katalon.core.main.TestCaseExecutor.runScript(TestCaseExecutor.java:448)
	at com.kms.katalon.core.main.TestCaseExecutor.doExecute(TestCaseExecutor.java:439)
	at com.kms.katalon.core.main.TestCaseExecutor.processExecutionPhase(TestCaseExecutor.java:418)
	at com.kms.katalon.core.main.TestCaseExecutor.accessMainPhase(TestCaseExecutor.java:410)
	at com.kms.katalon.core.main.TestCaseExecutor.execute(TestCaseExecutor.java:285)
	at com.kms.katalon.core.common.CommonExecutor.accessTestCaseMainPhase(CommonExecutor.java:65)
	at com.kms.katalon.core.main.TestSuiteExecutor.accessTestSuiteMainPhase(TestSuiteExecutor.java:148)
	at com.kms.katalon.core.main.TestSuiteExecutor.execute(TestSuiteExecutor.java:106)
	at com.kms.katalon.core.main.TestCaseMain.startTestSuite(TestCaseMain.java:180)
	at TempTestSuite1705760887977.run(TempTestSuite1705760887977.groovy:36)
	at java.base/jdk.internal.reflect.NativeMethodAccessorImpl.invoke0(Native Method)
	at java.base/jdk.internal.reflect.NativeMethodAccessorImpl.invoke(NativeMethodAccessorImpl.java:77)
	at java.base/jdk.internal.reflect.DelegatingMethodAccessorImpl.invoke(DelegatingMethodAccessorImpl.java:43)
Caused by: com.kms.katalon.core.webui.exception.WebElementNotFoundException: Web element with id: 'Object Repository/Amaon_Langugue_change_001/Page_/input_a-button-input' located by '(//input[@type='submit'])[3]' not found
	at com.kms.katalon.core.webui.common.WebUiCommonHelper.findWebElement(WebUiCommonHelper.java:1379)
	at com.kms.katalon.core.webui.keyword.internal.WebUIAbstractKeyword.findWebElement(WebUIAbstractKeyword.groovy:27)
	at com.kms.katalon.core.webui.keyword.builtin.ClickKeyword$_click_closure1.doCall(ClickKeyword.groovy:65)
	at com.kms.katalon.core.webui.keyword.builtin.ClickKeyword$_click_closure1.call(ClickKeyword.groovy)
	at com.kms.katalon.core.webui.keyword.internal.WebUIKeywordMain.runKeyword(WebUIKeywordMain.groovy:20)
	... 20 more]]></system-err>
      </testcase>
      <system-out><![CDATA[20-01-2024T19:58:11 - [TEST_SUITE][FAILED] - Amaon_Langugue_change_001: Test Cases/Amaon_Langugue_change_001/Amaon_Langugue_change_001 FAILED.
Reason:
com.kms.katalon.core.exception.StepFailedException: Unable to click on object 'Object Repository/Amaon_Langugue_change_001/Page_/input_a-button-input'
	at com.kms.katalon.core.webui.keyword.internal.WebUIKeywordMain.stepFailed(WebUIKeywordMain.groovy:64)
	at com.kms.katalon.core.webui.keyword.internal.WebUIKeywordMain.runKeyword(WebUIKeywordMain.groovy:26)
	at com.kms.katalon.core.webui.keyword.builtin.ClickKeyword.click(ClickKeyword.groovy:74)
	at com.kms.katalon.core.webui.keyword.builtin.ClickKeyword.execute(ClickKeyword.groovy:40)
	at com.kms.katalon.core.keyword.internal.KeywordExecutor.executeKeywordForPlatform(KeywordExecutor.groovy:74)
	at com.kms.katalon.core.webui.keyword.WebUiBuiltInKeywords.click(WebUiBuiltInKeywords.groovy:659)
	at Amaon_Langugue_change_001.run(Amaon_Langugue_change_001:61)
	at com.kms.katalon.core.main.ScriptEngine.run(ScriptEngine.java:194)
	at com.kms.katalon.core.main.ScriptEngine.runScriptAsRawText(ScriptEngine.java:119)
	at com.kms.katalon.core.main.TestCaseExecutor.runScript(TestCaseExecutor.java:448)
	at com.kms.katalon.core.main.TestCaseExecutor.doExecute(TestCaseExecutor.java:439)
	at com.kms.katalon.core.main.TestCaseExecutor.processExecutionPhase(TestCaseExecutor.java:418)
	at com.kms.katalon.core.main.TestCaseExecutor.accessMainPhase(TestCaseExecutor.java:410)
	at com.kms.katalon.core.main.TestCaseExecutor.execute(TestCaseExecutor.java:285)
	at com.kms.katalon.core.common.CommonExecutor.accessTestCaseMainPhase(CommonExecutor.java:65)
	at com.kms.katalon.core.main.TestSuiteExecutor.accessTestSuiteMainPhase(TestSuiteExecutor.java:148)
	at com.kms.katalon.core.main.TestSuiteExecutor.execute(TestSuiteExecutor.java:106)
	at com.kms.katalon.core.main.TestCaseMain.startTestSuite(TestCaseMain.java:180)
	at TempTestSuite1705760887977.run(TempTestSuite1705760887977.groovy:36)
	at java.base/jdk.internal.reflect.NativeMethodAccessorImpl.invoke0(Native Method)
	at java.base/jdk.internal.reflect.NativeMethodAccessorImpl.invoke(NativeMethodAccessorImpl.java:77)
	at java.base/jdk.internal.reflect.DelegatingMethodAccessorImpl.invoke(DelegatingMethodAccessorImpl.java:43)
Caused by: com.kms.katalon.core.webui.exception.WebElementNotFoundException: Web element with id: 'Object Repository/Amaon_Langugue_change_001/Page_/input_a-button-input' located by '(//input[@type='submit'])[3]' not found
	at com.kms.katalon.core.webui.common.WebUiCommonHelper.findWebElement(WebUiCommonHelper.java:1379)
	at com.kms.katalon.core.webui.keyword.internal.WebUIAbstractKeyword.findWebElement(WebUIAbstractKeyword.groovy:27)
	at com.kms.katalon.core.webui.keyword.builtin.ClickKeyword$_click_closure1.doCall(ClickKeyword.groovy:65)
	at com.kms.katalon.core.webui.keyword.builtin.ClickKeyword$_click_closure1.call(ClickKeyword.groovy)
	at com.kms.katalon.core.webui.keyword.internal.WebUIKeywordMain.runKeyword(WebUIKeywordMain.groovy:20)
	... 20 more]]></system-out>
      <system-err><![CDATA[20-01-2024T19:58:11 - [TEST_SUITE][FAILED] - Amaon_Langugue_change_001: Test Cases/Amaon_Langugue_change_001/Amaon_Langugue_change_001 FAILED.
Reason:
com.kms.katalon.core.exception.StepFailedException: Unable to click on object 'Object Repository/Amaon_Langugue_change_001/Page_/input_a-button-input'
	at com.kms.katalon.core.webui.keyword.internal.WebUIKeywordMain.stepFailed(WebUIKeywordMain.groovy:64)
	at com.kms.katalon.core.webui.keyword.internal.WebUIKeywordMain.runKeyword(WebUIKeywordMain.groovy:26)
	at com.kms.katalon.core.webui.keyword.builtin.ClickKeyword.click(ClickKeyword.groovy:74)
	at com.kms.katalon.core.webui.keyword.builtin.ClickKeyword.execute(ClickKeyword.groovy:40)
	at com.kms.katalon.core.keyword.internal.KeywordExecutor.executeKeywordForPlatform(KeywordExecutor.groovy:74)
	at com.kms.katalon.core.webui.keyword.WebUiBuiltInKeywords.click(WebUiBuiltInKeywords.groovy:659)
	at Amaon_Langugue_change_001.run(Amaon_Langugue_change_001:61)
	at com.kms.katalon.core.main.ScriptEngine.run(ScriptEngine.java:194)
	at com.kms.katalon.core.main.ScriptEngine.runScriptAsRawText(ScriptEngine.java:119)
	at com.kms.katalon.core.main.TestCaseExecutor.runScript(TestCaseExecutor.java:448)
	at com.kms.katalon.core.main.TestCaseExecutor.doExecute(TestCaseExecutor.java:439)
	at com.kms.katalon.core.main.TestCaseExecutor.processExecutionPhase(TestCaseExecutor.java:418)
	at com.kms.katalon.core.main.TestCaseExecutor.accessMainPhase(TestCaseExecutor.java:410)
	at com.kms.katalon.core.main.TestCaseExecutor.execute(TestCaseExecutor.java:285)
	at com.kms.katalon.core.common.CommonExecutor.accessTestCaseMainPhase(CommonExecutor.java:65)
	at com.kms.katalon.core.main.TestSuiteExecutor.accessTestSuiteMainPhase(TestSuiteExecutor.java:148)
	at com.kms.katalon.core.main.TestSuiteExecutor.execute(TestSuiteExecutor.java:106)
	at com.kms.katalon.core.main.TestCaseMain.startTestSuite(TestCaseMain.java:180)
	at TempTestSuite1705760887977.run(TempTestSuite1705760887977.groovy:36)
	at java.base/jdk.internal.reflect.NativeMethodAccessorImpl.invoke0(Native Method)
	at java.base/jdk.internal.reflect.NativeMethodAccessorImpl.invoke(NativeMethodAccessorImpl.java:77)
	at java.base/jdk.internal.reflect.DelegatingMethodAccessorImpl.invoke(DelegatingMethodAccessorImpl.java:43)
Caused by: com.kms.katalon.core.webui.exception.WebElementNotFoundException: Web element with id: 'Object Repository/Amaon_Langugue_change_001/Page_/input_a-button-input' located by '(//input[@type='submit'])[3]' not found
	at com.kms.katalon.core.webui.common.WebUiCommonHelper.findWebElement(WebUiCommonHelper.java:1379)
	at com.kms.katalon.core.webui.keyword.internal.WebUIAbstractKeyword.findWebElement(WebUIAbstractKeyword.groovy:27)
	at com.kms.katalon.core.webui.keyword.builtin.ClickKeyword$_click_closure1.doCall(ClickKeyword.groovy:65)
	at com.kms.katalon.core.webui.keyword.builtin.ClickKeyword$_click_closure1.call(ClickKeyword.groovy)
	at com.kms.katalon.core.webui.keyword.internal.WebUIKeywordMain.runKeyword(WebUIKeywordMain.groovy:20)
	... 20 more]]></system-err>
   </testsuite>
</testsuites>
